#
# There is insufficient memory for the Java Runtime Environment to continue.
# Native memory allocation (malloc) failed to allocate 604704 bytes for Chunk::new
# Possible reasons:
#   The system is out of physical RAM or swap space
#   The process is running with CompressedOops enabled, and the Java Heap may be blocking the growth of the native heap
# Possible solutions:
#   Reduce memory load on the system
#   Increase physical memory or swap space
#   Check if swap backing store is full
#   Decrease Java heap size (-Xmx/-Xms)
#   Decrease number of Java threads
#   Decrease Java thread stack sizes (-Xss)
#   Set larger code cache with -XX:ReservedCodeCacheSize=
#   JVM is running with Unscaled Compressed Oops mode in which the Java heap is
#     placed in the first 4GB address space. The Java Heap base address is the
#     maximum limit for the native heap growth. Please use -XX:HeapBaseMinAddress
#     to set the Java Heap base and to place the Java Heap above 4GB virtual address.
# This output file may be truncated or incomplete.
#
#  Out of Memory Error (allocation.cpp:389), pid=13376, tid=0x0000000000004ea4
#
# JRE version: Java(TM) SE Runtime Environment (8.0_241-b07) (build 1.8.0_241-b07)
# Java VM: Java HotSpot(TM) 64-Bit Server VM (25.241-b07 mixed mode windows-amd64 compressed oops)
# Failed to write core dump. Minidumps are not enabled by default on client versions of Windows
#

---------------  T H R E A D  ---------------

Current thread (0x0000000014f6e800):  JavaThread "C2 CompilerThread0" daemon [_thread_in_native, id=20132, stack(0x00000000165d0000,0x00000000166d0000)]

Stack: [0x00000000165d0000,0x00000000166d0000]
[error occurred during error reporting (printing stack bounds), id 0xc0000005]

Native frames: (J=compiled Java code, j=interpreted, Vv=VM code, C=native code)


Current CompileTask:
C2:  10507 4752   !   4       org.springframework.beans.factory.support.AbstractAutowireCapableBeanFactory::getTypeForFactoryMethod (442 bytes)


---------------  P R O C E S S  ---------------

Java Threads: ( => current thread )
  0x00000000190a0000 JavaThread "com.promineotech.socialMediaApi.App.main()" [_thread_in_vm, id=17240, stack(0x000000001a070000,0x000000001a170000)]
  0x00000000168fb000 JavaThread "Service Thread" daemon [_thread_blocked, id=1940, stack(0x0000000016cd0000,0x0000000016dd0000)]
  0x0000000014f7c000 JavaThread "C1 CompilerThread2" daemon [_thread_blocked, id=11356, stack(0x00000000167d0000,0x00000000168d0000)]
  0x0000000014f72000 JavaThread "C2 CompilerThread1" daemon [_thread_in_native, id=17824, stack(0x00000000166d0000,0x00000000167d0000)]
=>0x0000000014f6e800 JavaThread "C2 CompilerThread0" daemon [_thread_in_native, id=20132, stack(0x00000000165d0000,0x00000000166d0000)]
  0x0000000014f6d000 JavaThread "Attach Listener" daemon [_thread_blocked, id=15520, stack(0x00000000164d0000,0x00000000165d0000)]
  0x0000000014f69800 JavaThread "Signal Dispatcher" daemon [_thread_blocked, id=19988, stack(0x00000000163d0000,0x00000000164d0000)]
  0x0000000014f5a800 JavaThread "Finalizer" daemon [_thread_blocked, id=17524, stack(0x00000000161d0000,0x00000000162d0000)]
  0x0000000002a51800 JavaThread "Reference Handler" daemon [_thread_blocked, id=11208, stack(0x00000000160d0000,0x00000000161d0000)]
  0x000000000276e000 JavaThread "main" [_thread_blocked, id=1388, stack(0x0000000002860000,0x0000000002960000)]

Other Threads:
  0x0000000014f38000 VMThread [stack: 0x0000000015fd0000,0x00000000160d0000] [id=2516]
  0x000000001691d800 WatcherThread [stack: 0x0000000016dd0000,0x0000000016ed0000] [id=19604]

VM state:not at safepoint (normal execution)

VM Mutex/Monitor currently owned by a thread: None

heap address: 0x00000000c3000000, size: 976 MB, Compressed Oops mode: 32-bit
Narrow klass base: 0x0000000000000000, Narrow klass shift: 3
Compressed class space size: 1073741824 Address: 0x0000000100000000

Heap:
 PSYoungGen      total 134144K, used 42203K [0x00000000ebb00000, 0x00000000f5000000, 0x0000000100000000)
  eden space 123392K, 26% used [0x00000000ebb00000,0x00000000eda85d78,0x00000000f3380000)
  from space 10752K, 92% used [0x00000000f4080000,0x00000000f4a31138,0x00000000f4b00000)
  to   space 13312K, 0% used [0x00000000f3380000,0x00000000f3380000,0x00000000f4080000)
 ParOldGen       total 40448K, used 14702K [0x00000000c3000000, 0x00000000c5780000, 0x00000000ebb00000)
  object space 40448K, 36% used [0x00000000c3000000,0x00000000c3e5bb90,0x00000000c5780000)
 Metaspace       used 29985K, capacity 30514K, committed 31104K, reserved 1077248K
  class space    used 3699K, capacity 3867K, committed 3968K, reserved 1048576K

Card table byte_map: [0x0000000011e20000,0x0000000012010000] byte_map_base: 0x0000000011808000

Marking Bits: (ParMarkBitMap*) 0x0000000067f2be30
 Begin Bits: [0x0000000012560000, 0x00000000134a0000)
 End Bits:   [0x00000000134a0000, 0x00000000143e0000)

Polling page: 0x00000000010b0000

CodeCache: size=245760Kb used=14700Kb max_used=14707Kb free=231059Kb
 bounds [0x0000000002a60000, 0x00000000038e0000, 0x0000000011a60000]
 total_blobs=4602 nmethods=4192 adapters=323
 compilation: enabled

Compilation events (10 events):
Event: 10.398 Thread 0x0000000014f7c000 4757       1       java.util.logging.LogManager::access$500 (5 bytes)
Event: 10.398 Thread 0x0000000014f7c000 nmethod 4757 0x00000000038bed90 code [0x00000000038beee0, 0x00000000038befd0]
Event: 10.408 Thread 0x0000000014f7c000 4758       3       java.util.logging.LogManager::getProperty (9 bytes)
Event: 10.408 Thread 0x0000000014f7c000 nmethod 4758 0x00000000038be950 code [0x00000000038beac0, 0x00000000038bece8]
Event: 10.411 Thread 0x0000000014f7c000 4759   !   3       java.util.logging.LogManager::ensureLogManagerInitialized (128 bytes)
Event: 10.411 Thread 0x0000000014f7c000 nmethod 4759 0x00000000038c7fd0 code [0x00000000038c8180, 0x00000000038c8808]
Event: 10.435 Thread 0x0000000014f7c000 4760       3       java.util.logging.LogManager$LoggerContext::requiresDefaultLoggers (29 bytes)
Event: 10.435 Thread 0x0000000014f7c000 nmethod 4760 0x00000000038c7950 code [0x00000000038c7ac0, 0x00000000038c7ee8]
Event: 10.435 Thread 0x0000000014f7c000 4761       3       java.util.logging.LogManager::access$100 (4 bytes)
Event: 10.435 Thread 0x0000000014f7c000 nmethod 4761 0x00000000038c7650 code [0x00000000038c77a0, 0x00000000038c78d0]

GC Heap History (10 events):
Event: 4.943 GC heap before
{Heap before GC invocations=7 (full 0):
 PSYoungGen      total 70656K, used 69067K [0x00000000ebb00000, 0x00000000f0900000, 0x0000000100000000)
  eden space 62976K, 100% used [0x00000000ebb00000,0x00000000ef880000,0x00000000ef880000)
  from space 7680K, 79% used [0x00000000f0080000,0x00000000f0672dc8,0x00000000f0800000)
  to   space 8192K, 0% used [0x00000000ef880000,0x00000000ef880000,0x00000000f0080000)
 ParOldGen       total 42496K, used 10235K [0x00000000c3000000, 0x00000000c5980000, 0x00000000ebb00000)
  object space 42496K, 24% used [0x00000000c3000000,0x00000000c39fedb0,0x00000000c5980000)
 Metaspace       used 17205K, capacity 17594K, committed 17792K, reserved 1064960K
  class space    used 2002K, capacity 2121K, committed 2176K, reserved 1048576K
Event: 4.973 GC heap after
Heap after GC invocations=7 (full 0):
 PSYoungGen      total 71168K, used 8192K [0x00000000ebb00000, 0x00000000f4b00000, 0x0000000100000000)
  eden space 62976K, 0% used [0x00000000ebb00000,0x00000000ebb00000,0x00000000ef880000)
  from space 8192K, 100% used [0x00000000ef880000,0x00000000f0080000,0x00000000f0080000)
  to   space 10752K, 0% used [0x00000000f4080000,0x00000000f4080000,0x00000000f4b00000)
 ParOldGen       total 42496K, used 12553K [0x00000000c3000000, 0x00000000c5980000, 0x00000000ebb00000)
  object space 42496K, 29% used [0x00000000c3000000,0x00000000c3c424e8,0x00000000c5980000)
 Metaspace       used 17205K, capacity 17594K, committed 17792K, reserved 1064960K
  class space    used 2002K, capacity 2121K, committed 2176K, reserved 1048576K
}
Event: 6.881 GC heap before
{Heap before GC invocations=8 (full 0):
 PSYoungGen      total 71168K, used 71168K [0x00000000ebb00000, 0x00000000f4b00000, 0x0000000100000000)
  eden space 62976K, 100% used [0x00000000ebb00000,0x00000000ef880000,0x00000000ef880000)
  from space 8192K, 100% used [0x00000000ef880000,0x00000000f0080000,0x00000000f0080000)
  to   space 10752K, 0% used [0x00000000f4080000,0x00000000f4080000,0x00000000f4b00000)
 ParOldGen       total 42496K, used 12553K [0x00000000c3000000, 0x00000000c5980000, 0x00000000ebb00000)
  object space 42496K, 29% used [0x00000000c3000000,0x00000000c3c424e8,0x00000000c5980000)
 Metaspace       used 19758K, capacity 20270K, committed 20480K, reserved 1067008K
  class space    used 2354K, capacity 2501K, committed 2560K, reserved 1048576K
Event: 6.908 GC heap after
Heap after GC invocations=8 (full 0):
 PSYoungGen      total 134144K, used 10748K [0x00000000ebb00000, 0x00000000f5000000, 0x0000000100000000)
  eden space 123392K, 0% used [0x00000000ebb00000,0x00000000ebb00000,0x00000000f3380000)
  from space 10752K, 99% used [0x00000000f4080000,0x00000000f4aff348,0x00000000f4b00000)
  to   space 13312K, 0% used [0x00000000f3380000,0x00000000f3380000,0x00000000f4080000)
 ParOldGen       total 42496K, used 15576K [0x00000000c3000000, 0x00000000c5980000, 0x00000000ebb00000)
  object space 42496K, 36% used [0x00000000c3000000,0x00000000c3f36378,0x00000000c5980000)
 Metaspace       used 19758K, capacity 20270K, committed 20480K, reserved 1067008K
  class space    used 2354K, capacity 2501K, committed 2560K, reserved 1048576K
}
Event: 7.060 GC heap before
{Heap before GC invocations=9 (full 0):
 PSYoungGen      total 134144K, used 14157K [0x00000000ebb00000, 0x00000000f5000000, 0x0000000100000000)
  eden space 123392K, 2% used [0x00000000ebb00000,0x00000000ebe54298,0x00000000f3380000)
  from space 10752K, 99% used [0x00000000f4080000,0x00000000f4aff348,0x00000000f4b00000)
  to   space 13312K, 0% used [0x00000000f3380000,0x00000000f3380000,0x00000000f4080000)
 ParOldGen       total 42496K, used 15576K [0x00000000c3000000, 0x00000000c5980000, 0x00000000ebb00000)
  object space 42496K, 36% used [0x00000000c3000000,0x00000000c3f36378,0x00000000c5980000)
 Metaspace       used 20556K, capacity 21038K, committed 21296K, reserved 1069056K
  class space    used 2452K, capacity 2629K, committed 2688K, reserved 1048576K
Event: 7.078 GC heap after
Heap after GC invocations=9 (full 0):
 PSYoungGen      total 136704K, used 6641K [0x00000000ebb00000, 0x00000000f5000000, 0x0000000100000000)
  eden space 123392K, 0% used [0x00000000ebb00000,0x00000000ebb00000,0x00000000f3380000)
  from space 13312K, 49% used [0x00000000f3380000,0x00000000f39fc440,0x00000000f4080000)
  to   space 10752K, 0% used [0x00000000f4080000,0x00000000f4080000,0x00000000f4b00000)
 ParOldGen       total 42496K, used 19632K [0x00000000c3000000, 0x00000000c5980000, 0x00000000ebb00000)
  object space 42496K, 46% used [0x00000000c3000000,0x00000000c432c378,0x00000000c5980000)
 Metaspace       used 20556K, capacity 21038K, committed 21296K, reserved 1069056K
  class space    used 2452K, capacity 2629K, committed 2688K, reserved 1048576K
}
Event: 7.078 GC heap before
{Heap before GC invocations=10 (full 1):
 PSYoungGen      total 136704K, used 6641K [0x00000000ebb00000, 0x00000000f5000000, 0x0000000100000000)
  eden space 123392K, 0% used [0x00000000ebb00000,0x00000000ebb00000,0x00000000f3380000)
  from space 13312K, 49% used [0x00000000f3380000,0x00000000f39fc440,0x00000000f4080000)
  to   space 10752K, 0% used [0x00000000f4080000,0x00000000f4080000,0x00000000f4b00000)
 ParOldGen       total 42496K, used 19632K [0x00000000c3000000, 0x00000000c5980000, 0x00000000ebb00000)
  object space 42496K, 46% used [0x00000000c3000000,0x00000000c432c378,0x00000000c5980000)
 Metaspace       used 20556K, capacity 21038K, committed 21296K, reserved 1069056K
  class space    used 2452K, capacity 2629K, committed 2688K, reserved 1048576K
Event: 7.164 GC heap after
Heap after GC invocations=10 (full 1):
 PSYoungGen      total 136704K, used 0K [0x00000000ebb00000, 0x00000000f5000000, 0x0000000100000000)
  eden space 123392K, 0% used [0x00000000ebb00000,0x00000000ebb00000,0x00000000f3380000)
  from space 13312K, 0% used [0x00000000f3380000,0x00000000f3380000,0x00000000f4080000)
  to   space 10752K, 0% used [0x00000000f4080000,0x00000000f4080000,0x00000000f4b00000)
 ParOldGen       total 40448K, used 14630K [0x00000000c3000000, 0x00000000c5780000, 0x00000000ebb00000)
  object space 40448K, 36% used [0x00000000c3000000,0x00000000c3e49b80,0x00000000c5780000)
 Metaspace       used 20556K, capacity 21038K, committed 21296K, reserved 1069056K
  class space    used 2452K, capacity 2629K, committed 2688K, reserved 1048576K
}
Event: 9.516 GC heap before
{Heap before GC invocations=11 (full 1):
 PSYoungGen      total 136704K, used 123392K [0x00000000ebb00000, 0x00000000f5000000, 0x0000000100000000)
  eden space 123392K, 100% used [0x00000000ebb00000,0x00000000f3380000,0x00000000f3380000)
  from space 13312K, 0% used [0x00000000f3380000,0x00000000f3380000,0x00000000f4080000)
  to   space 10752K, 0% used [0x00000000f4080000,0x00000000f4080000,0x00000000f4b00000)
 ParOldGen       total 40448K, used 14630K [0x00000000c3000000, 0x00000000c5780000, 0x00000000ebb00000)
  object space 40448K, 36% used [0x00000000c3000000,0x00000000c3e49b80,0x00000000c5780000)
 Metaspace       used 28063K, capacity 28608K, committed 29056K, reserved 1075200K
  class space    used 3470K, capacity 3640K, committed 3712K, reserved 1048576K
Event: 9.529 GC heap after
Heap after GC invocations=11 (full 1):
 PSYoungGen      total 134144K, used 9924K [0x00000000ebb00000, 0x00000000f5000000, 0x0000000100000000)
  eden space 123392K, 0% used [0x00000000ebb00000,0x00000000ebb00000,0x00000000f3380000)
  from space 10752K, 92% used [0x00000000f4080000,0x00000000f4a31138,0x00000000f4b00000)
  to   space 13312K, 0% used [0x00000000f3380000,0x00000000f3380000,0x00000000f4080000)
 ParOldGen       total 40448K, used 14702K [0x00000000c3000000, 0x00000000c5780000, 0x00000000ebb00000)
  object space 40448K, 36% used [0x00000000c3000000,0x00000000c3e5bb90,0x00000000c5780000)
 Metaspace       used 28063K, capacity 28608K, committed 29056K, reserved 1075200K
  class space    used 3470K, capacity 3640K, committed 3712K, reserved 1048576K
}

Deoptimization events (10 events):
Event: 9.370 Thread 0x00000000190a0000 Uncommon trap: reason=unstable_if action=reinterpret pc=0x000000000381a21c method=org.springframework.asm.ClassReader.readUTF(II[C)Ljava/lang/String; @ 77
Event: 9.370 Thread 0x00000000190a0000 Uncommon trap: reason=unstable_if action=reinterpret pc=0x0000000002f9d778 method=org.springframework.asm.ClassReader.readUTF(II[C)Ljava/lang/String; @ 77
Event: 9.389 Thread 0x00000000190a0000 Uncommon trap: reason=class_check action=maybe_recompile pc=0x0000000003548ff8 method=java.util.Collections$UnmodifiableMap.entrySet()Ljava/util/Set; @ 16
Event: 9.389 Thread 0x00000000190a0000 Uncommon trap: reason=class_check action=maybe_recompile pc=0x00000000035575c8 method=java.util.Collections$UnmodifiableMap$UnmodifiableEntrySet$1.<init>(Ljava/util/Collections$UnmodifiableMap$UnmodifiableEntrySet;)V @ 17
Event: 9.389 Thread 0x00000000190a0000 Uncommon trap: reason=class_check action=maybe_recompile pc=0x000000000314e6ac method=java.util.Collections$UnmodifiableMap$UnmodifiableEntrySet$1.next()Ljava/util/Map$Entry; @ 8
Event: 9.389 Thread 0x00000000190a0000 Uncommon trap: reason=class_check action=maybe_recompile pc=0x00000000031ee840 method=java.util.Collections$UnmodifiableMap$UnmodifiableEntrySet$UnmodifiableEntry.getKey()Ljava/lang/Object; @ 4
Event: 9.389 Thread 0x00000000190a0000 Uncommon trap: reason=class_check action=maybe_recompile pc=0x00000000031f2840 method=java.util.Collections$UnmodifiableMap$UnmodifiableEntrySet$UnmodifiableEntry.getValue()Ljava/lang/Object; @ 4
Event: 9.958 Thread 0x00000000190a0000 Uncommon trap: reason=unstable_if action=reinterpret pc=0x0000000002fa9fdc method=java.util.LinkedList.node(I)Ljava/util/LinkedList$Node; @ 49
Event: 10.061 Thread 0x00000000190a0000 Uncommon trap: reason=unstable_if action=reinterpret pc=0x0000000003307138 method=org.springframework.util.ConcurrentReferenceHashMap$Segment.restructureIfNecessary(Z)V @ 15
Event: 10.088 Thread 0x00000000190a0000 Uncommon trap: reason=unstable_if action=reinterpret pc=0x00000000037e071c method=org.springframework.util.ReflectionUtils.isCglibRenamedMethod(Ljava/lang/reflect/Method;)Z @ 11

Classes redefined (0 events):
No events

Internal exceptions (10 events):
Event: 6.131 Thread 0x000000000276e000 Implicit null exception at 0x0000000003627639 to 0x0000000003629109
Event: 6.454 Thread 0x000000000276e000 Exception <a 'java/lang/NoClassDefFoundError': org/sonatype/aether/graph/Dependency> (0x00000000ee8ff520) thrown at [C:\ade\jenkins\workspace\8-2-build-windows-amd64-cygwin\jdk8u241\331\hotspot\src\share\vm\classfile\systemDictionary.cpp, line 199]
Event: 7.427 Thread 0x00000000190a0000 Exception <a 'java/io/FileNotFoundException'> (0x00000000ec7019b8) thrown at [C:\ade\jenkins\workspace\8-2-build-windows-amd64-cygwin\jdk8u241\331\hotspot\src\share\vm\prims\jni.cpp, line 710]
Event: 7.442 Thread 0x00000000190a0000 Implicit null exception at 0x0000000003706a4f to 0x000000000370bead
Event: 7.492 Thread 0x00000000190a0000 Exception <a 'java/lang/ClassNotFoundException': org/springframework/boot/SpringApplicationBeanInfo> (0x00000000ec9f0d50) thrown at [C:\ade\jenkins\workspace\8-2-build-windows-amd64-cygwin\jdk8u241\331\hotspot\src\share\vm\classfile\systemDictionary.cpp, 
Event: 7.492 Thread 0x00000000190a0000 Exception <a 'java/lang/ClassNotFoundException': java/lang/ObjectBeanInfo> (0x00000000ec9f75a8) thrown at [C:\ade\jenkins\workspace\8-2-build-windows-amd64-cygwin\jdk8u241\331\hotspot\src\share\vm\classfile\systemDictionary.cpp, line 210]
Event: 7.493 Thread 0x00000000190a0000 Exception <a 'java/lang/ClassNotFoundException': java/lang/ObjectCustomizer> (0x00000000ec9fdf00) thrown at [C:\ade\jenkins\workspace\8-2-build-windows-amd64-cygwin\jdk8u241\331\hotspot\src\share\vm\classfile\systemDictionary.cpp, line 210]
Event: 7.501 Thread 0x00000000190a0000 Exception <a 'java/lang/ClassNotFoundException': org/springframework/boot/SpringApplicationCustomizer> (0x00000000eca17658) thrown at [C:\ade\jenkins\workspace\8-2-build-windows-amd64-cygwin\jdk8u241\331\hotspot\src\share\vm\classfile\systemDictionary.cpp
Event: 10.196 Thread 0x00000000190a0000 Exception <a 'java/lang/ClassNotFoundException': org/springframework/boot/context/properties/ConfigurationPropertiesBindingPostProcessorBeanInfo> (0x00000000ed21f230) thrown at [C:\ade\jenkins\workspace\8-2-build-windows-amd64-cygwin\jdk8u241\331\hotspot\
Event: 10.197 Thread 0x00000000190a0000 Exception <a 'java/lang/ClassNotFoundException': org/springframework/boot/context/properties/ConfigurationPropertiesBindingPostProcessorCustomizer> (0x00000000ed23b180) thrown at [C:\ade\jenkins\workspace\8-2-build-windows-amd64-cygwin\jdk8u241\331\hotspo

Events (10 events):
Event: 10.481 loading class org/hibernate/validator/HibernateValidatorFactory
Event: 10.481 loading class org/hibernate/validator/HibernateValidatorFactory done
Event: 10.482 loading class org/hibernate/validator/HibernateValidatorContext
Event: 10.482 loading class org/hibernate/validator/HibernateValidatorContext done
Event: 10.483 loading class org/hibernate/validator/internal/util/logging/Log_$logger_en_US
Event: 10.483 loading class org/hibernate/validator/internal/util/logging/Log_$logger_en_US done
Event: 10.483 loading class org/hibernate/validator/internal/util/logging/Log_$logger_en
Event: 10.483 loading class org/hibernate/validator/internal/util/logging/Log_$logger_en done
Event: 10.484 loading class org/hibernate/validator/internal/metadata/core/ConstraintHelper
Event: 10.484 loading class org/hibernate/validator/internal/metadata/core/ConstraintHelper done


Dynamic libraries:
0x00007ff700f60000 - 0x00007ff700f97000 	C:\Program Files (x86)\Common Files\Oracle\Java\javapath\java.exe
0x00007ffef52a0000 - 0x00007ffef5490000 	C:\WINDOWS\SYSTEM32\ntdll.dll
0x00007ffeedd90000 - 0x00007ffeedda3000 	C:\Program Files\AVG\Antivirus\aswhook.dll
0x00007ffef4e20000 - 0x00007ffef4ed2000 	C:\WINDOWS\System32\KERNEL32.DLL
0x00007ffef2580000 - 0x00007ffef2824000 	C:\WINDOWS\System32\KERNELBASE.dll
0x00007ffef50d0000 - 0x00007ffef5173000 	C:\WINDOWS\System32\ADVAPI32.dll
0x00007ffef5030000 - 0x00007ffef50ce000 	C:\WINDOWS\System32\msvcrt.dll
0x00007ffef3950000 - 0x00007ffef39e7000 	C:\WINDOWS\System32\sechost.dll
0x00007ffef3ac0000 - 0x00007ffef3be0000 	C:\WINDOWS\System32\RPCRT4.dll
0x00007ffef3580000 - 0x00007ffef3714000 	C:\WINDOWS\System32\USER32.dll
0x00007ffef2230000 - 0x00007ffef2251000 	C:\WINDOWS\System32\win32u.dll
0x00007ffef4f60000 - 0x00007ffef4f86000 	C:\WINDOWS\System32\GDI32.dll
0x00007ffef22b0000 - 0x00007ffef2444000 	C:\WINDOWS\System32\gdi32full.dll
0x00007ffef2850000 - 0x00007ffef28ee000 	C:\WINDOWS\System32\msvcp_win.dll
0x00007ffef2450000 - 0x00007ffef254a000 	C:\WINDOWS\System32\ucrtbase.dll
0x00007ffede510000 - 0x00007ffede794000 	C:\WINDOWS\WinSxS\amd64_microsoft.windows.common-controls_6595b64144ccf1df_6.0.18362.836_none_e6c4b943130f18ed\COMCTL32.dll
0x00007ffef3be0000 - 0x00007ffef3f16000 	C:\WINDOWS\System32\combase.dll
0x00007ffef29a0000 - 0x00007ffef2a20000 	C:\WINDOWS\System32\bcryptPrimitives.dll
0x00007ffef5000000 - 0x00007ffef502e000 	C:\WINDOWS\System32\IMM32.DLL
0x0000000067540000 - 0x0000000067612000 	C:\Program Files\Java\jre1.8.0_241\bin\msvcr100.dll
0x0000000067700000 - 0x0000000067fac000 	C:\Program Files\Java\jre1.8.0_241\bin\server\jvm.dll
0x00007ffef4860000 - 0x00007ffef4868000 	C:\WINDOWS\System32\PSAPI.DLL
0x00007ffee30a0000 - 0x00007ffee30a9000 	C:\WINDOWS\SYSTEM32\WSOCK32.dll
0x00007ffef4f90000 - 0x00007ffef4fff000 	C:\WINDOWS\System32\WS2_32.dll
0x00007ffef02b0000 - 0x00007ffef02d4000 	C:\WINDOWS\SYSTEM32\WINMM.dll
0x00007ffeea0f0000 - 0x00007ffeea0fa000 	C:\WINDOWS\SYSTEM32\VERSION.dll
0x00007ffef0150000 - 0x00007ffef017d000 	C:\WINDOWS\SYSTEM32\WINMMBASE.dll
0x00007ffef2260000 - 0x00007ffef22aa000 	C:\WINDOWS\System32\cfgmgr32.dll
0x00007ffeeec20000 - 0x00007ffeeec2f000 	C:\Program Files\Java\jre1.8.0_241\bin\verify.dll
0x00007ffeecdf0000 - 0x00007ffeece19000 	C:\Program Files\Java\jre1.8.0_241\bin\java.dll
0x00007ffeed120000 - 0x00007ffeed136000 	C:\Program Files\Java\jre1.8.0_241\bin\zip.dll
0x00007ffef40b0000 - 0x00007ffef4794000 	C:\WINDOWS\System32\SHELL32.dll
0x00007ffef47b0000 - 0x00007ffef4859000 	C:\WINDOWS\System32\shcore.dll
0x00007ffef2bd0000 - 0x00007ffef334e000 	C:\WINDOWS\System32\windows.storage.dll
0x00007ffef21e0000 - 0x00007ffef2203000 	C:\WINDOWS\System32\profapi.dll
0x00007ffef2190000 - 0x00007ffef21da000 	C:\WINDOWS\System32\powrprof.dll
0x00007ffef2160000 - 0x00007ffef2170000 	C:\WINDOWS\System32\UMPDC.dll
0x00007ffef3350000 - 0x00007ffef33a2000 	C:\WINDOWS\System32\shlwapi.dll
0x00007ffef2170000 - 0x00007ffef2181000 	C:\WINDOWS\System32\kernel.appcore.dll
0x00007ffef2830000 - 0x00007ffef2847000 	C:\WINDOWS\System32\cryptsp.dll
0x00007ffeed2e0000 - 0x00007ffeed2ea000 	C:\Program Files\Apache\apache-maven-3.6.3\lib\jansi-native\windows64\jansi.dll
0x00007ffeed080000 - 0x00007ffeed09a000 	C:\Program Files\Java\jre1.8.0_241\bin\net.dll
0x00007ffef1970000 - 0x00007ffef19d7000 	C:\WINDOWS\system32\mswsock.dll
0x00007ffee83a0000 - 0x00007ffee83b2000 	C:\Program Files\Java\jre1.8.0_241\bin\nio.dll
0x00007ffeed110000 - 0x00007ffeed11d000 	C:\Program Files\Java\jre1.8.0_241\bin\management.dll
0x00007ffed6a80000 - 0x00007ffed6a96000 	C:\WINDOWS\system32\napinsp.dll
0x00007ffed6a60000 - 0x00007ffed6a7a000 	C:\WINDOWS\system32\pnrpnsp.dll
0x00007ffef16c0000 - 0x00007ffef178b000 	C:\WINDOWS\SYSTEM32\DNSAPI.dll
0x00007ffef5180000 - 0x00007ffef5188000 	C:\WINDOWS\System32\NSI.dll
0x00007ffef1680000 - 0x00007ffef16ba000 	C:\WINDOWS\SYSTEM32\IPHLPAPI.DLL
0x00007ffed6a20000 - 0x00007ffed6a2e000 	C:\WINDOWS\System32\winrnr.dll
0x00007ffeea0d0000 - 0x00007ffeea0ec000 	C:\WINDOWS\system32\NLAapi.dll
0x00007ffeede60000 - 0x00007ffeede75000 	C:\WINDOWS\system32\wshbth.dll
0x00007ffeea080000 - 0x00007ffeea08a000 	C:\Windows\System32\rasadhlp.dll
0x00007ffee6ab0000 - 0x00007ffee6b27000 	C:\WINDOWS\System32\fwpuclnt.dll
0x00007ffef2550000 - 0x00007ffef2576000 	C:\WINDOWS\System32\bcrypt.dll

VM Arguments:
jvm_args: -Dclassworlds.conf=C:\Program Files\Apache\apache-maven-3.6.3\bin\..\bin\m2.conf -Dmaven.home=C:\Program Files\Apache\apache-maven-3.6.3\bin\.. -Dlibrary.jansi.path=C:\Program Files\Apache\apache-maven-3.6.3\bin\..\lib\jansi-native -Dmaven.multiModuleProjectDirectory=C:\Users\lukeb\eclipse-workspace\socialMediaApi 
java_command: org.codehaus.plexus.classworlds.launcher.Launcher spring-boot:run
java_class_path (initial): C:\Program Files\Apache\apache-maven-3.6.3\bin\..\boot\plexus-classworlds-2.6.0.jar
Launcher Type: SUN_STANDARD

Environment Variables:
PATH=C:\Program Files (x86)\Common Files\Oracle\Java\javapath;C:\WINDOWS\system32;C:\WINDOWS;C:\WINDOWS\System32\Wbem;C:\WINDOWS\System32\WindowsPowerShell\v1.0\;C:\WINDOWS\System32\OpenSSH\;C:\Program Files\Git\cmd;C:\Program Files\MySQL\MySQL Server 8.0\bin;C:\Program Files\Apache\apache-maven-3.6.3\bin;"C:\Program Files\MySQL\MySQL Server 8.0\bin;";C:\Users\lukeb\AppData\Local\Microsoft\WindowsApps;
USERNAME=lukeb
OS=Windows_NT
PROCESSOR_IDENTIFIER=Intel64 Family 6 Model 122 Stepping 1, GenuineIntel



---------------  S Y S T E M  ---------------

OS: Windows 10.0 , 64 bit Build 18362 (10.0.18362.778)

CPU:total 4 (initial active 4) (4 cores per cpu, 1 threads per core) family 6 model 122 stepping 1, cmov, cx8, fxsr, mmx, sse, sse2, sse3, ssse3, sse4.1, sse4.2, popcnt, aes, clmul, erms, 3dnowpref, tsc, tscinvbit

Memory: 4k page, physical 3996332k(410152k free), swap 11484072k(6324k free)

vm_info: Java HotSpot(TM) 64-Bit Server VM (25.241-b07) for windows-amd64 JRE (1.8.0_241-b07), built on Dec 11 2019 10:21:40 by "rejava" with MS VC++ 10.0 (VS2010)

time: Sat Jun 27 19:28:25 2020
timezone: US Mountain Standard Time
elapsed time: 10 seconds (0d 0h 0m 10s)

